<?xml version="1.0" encoding="UTF-8"?>
<!-- Generated by org.testng.reporters.JUnitReportReporter -->
<testsuite hostname="DESKTOP-MR6DPVM" failures="0" tests="1" name="Academy.testinglog4j" time="0.031" errors="0" timestamp="2021-05-02T06:30:13 IST" skipped="0">
  <testcase classname="Academy.testinglog4j" name="checkinglog" time="0.031"/>
  <system-out/>
</testsuite> <!-- Academy.testinglog4j -->
