<?xml version="1.0" encoding="UTF-8"?>
<!-- Generated by org.testng.reporters.JUnitReportReporter -->
<testsuite hostname="DESKTOP-MR6DPVM" failures="0" tests="2" name="Academy.Homepage" time="90.456" errors="0" timestamp="2021-05-02T06:34:53 IST" skipped="0">
  <testcase classname="Academy.Homepage" name="basepagenavigation" time="29.972"/>
  <system-out/>
  <testcase classname="Academy.Homepage" name="basepagenavigation" time="60.484"/>
  <system-out/>
</testsuite> <!-- Academy.Homepage -->
