<?xml version="1.0" encoding="UTF-8"?>
<!-- Generated by org.testng.reporters.JUnitReportReporter -->
<testsuite hostname="DESKTOP-MR6DPVM" failures="0" tests="2" name="Academy.Homepage" time="52.445" errors="0" timestamp="2021-05-02T06:50:14 IST" skipped="0">
  <testcase classname="Academy.Homepage" name="basepagenavigation" time="31.278"/>
  <system-out/>
  <testcase classname="Academy.Homepage" name="basepagenavigation" time="21.167"/>
  <system-out/>
</testsuite> <!-- Academy.Homepage -->
